<?xml version="1.0" encoding="UTF-8"?>
<!-- Generated by org.testng.reporters.JUnitXMLReporter -->
<testsuite ignored="0" hostname="DESKTOP-4AIQGOE" failures="3" tests="12" name="My test" time="133.801" errors="0" timestamp="2024-06-24T11:00:30 IST">
  <testcase classname="com.SeleniumWebDriver.Assignments.Assign21" name="clickonSell" time="5.153"/>
  <testcase classname="com.SeleniumWebDriver.Assignments.Assign21" name="clickonBestsellers" time="7.77"/>
  <testcase classname="com.SeleniumWebDriver.Assignments.Assign21" name="clickonMobiles" time="21.933"/>
  <testcase classname="com.SeleniumWebDriver.Assignments.Assign21" name="clickonElectronics" time="11.275"/>
  <testcase classname="com.TestNG.Demos.Assertions" name="loginOHRM" time="2.289">
    <failure type="java.lang.AssertionError" message="expected [true] but found [false]">
      <![CDATA[java.lang.AssertionError: expected [true] but found [false]
at com.TestNG.Demos.Assertions.loginOHRM(Assertions.java:32)
at java.base/java.util.ArrayList.forEach(ArrayList.java:1511)
... Removed 31 stack frames]]>
    </failure>
  </testcase> <!-- loginOHRM -->
  <testcase classname="com.TestNG.Demos.Assertions" name="loginOHRM" time="1.627">
    <failure type="java.lang.AssertionError" message="expected [true] but found [false]">
      <![CDATA[java.lang.AssertionError: expected [true] but found [false]
at com.TestNG.Demos.Assertions.loginOHRM(Assertions.java:32)
at java.base/java.util.ArrayList.forEach(ArrayList.java:1511)
... Removed 31 stack frames]]>
    </failure>
  </testcase> <!-- loginOHRM -->
  <testcase classname="com.TestNG.Demos.Assertions" name="loginOHRM" time="1.545">
    <failure type="java.lang.AssertionError" message="expected [true] but found [false]">
      <![CDATA[java.lang.AssertionError: expected [true] but found [false]
at com.TestNG.Demos.Assertions.loginOHRM(Assertions.java:32)
at java.base/java.util.ArrayList.forEach(ArrayList.java:1511)
... Removed 31 stack frames]]>
    </failure>
  </testcase> <!-- loginOHRM -->
  <testcase classname="com.TestNG.Demos.Assertions" name="loginOHRM" time="2.041"/>
  <testcase classname="com.TestNG.Demos.DataDrivenFramework" name="loginOHRM" time="3.665"/>
  <testcase classname="com.TestNG.Demos.DataDrivenFramework" name="loginOHRM" time="2.323"/>
  <testcase classname="com.TestNG.Demos.DataDrivenFramework" name="loginOHRM" time="0.797"/>
  <testcase classname="com.TestNG.Demos.DataDrivenFramework" name="loginOHRM" time="2.025"/>
</testsuite> <!-- My test -->
